<?xml version="1.0" encoding="UTF-8"?>
<!-- Generated by org.testng.reporters.JUnitReportReporter -->
<testsuite hostname="LAPTOP-AS1U2ANL" failures="0" tests="1" name="RSATest" time="17.108" errors="0" timestamp="2022-10-05T14:59:06 IST" skipped="0">
  <testcase classname="RSATest" name="HomePageCheck" time="17.108"/>
  <system-out/>
</testsuite> <!-- RSATest -->
